hd0216@node-0:~/COS568-DistLM-SP26$ python3 task4/run_glue_gather_scatter.py --model_type bert --model_name_or_path bert-base-cased --task_name RTE --do_train --data_dir ~/glue_data/RTE --max_seq_length 128 --per_device_train_batch_size 16 --learning_rate 2e-5 --max_steps 4 --output_dir /tmp/RTE_prof_gs/ --overwrite_output_dir --master_ip 10.10.1.2 --master_port 12345 --world_size 4 --local_rank 0
03/16/2026 12:52:29 - WARNING - __main__ -   Process rank: 0, device: cpu, distributed training: True, 16-bits training: False
03/16/2026 12:52:29 - INFO - pytorch_transformers.file_utils -   https://s3.amazonaws.com/models.huggingface.co/bert/bert-base-cased-config.json not found in cache or force_download set to True, downloading to /tmp/tmpf60tztsp
100%|██████████████████████████████████████████████████████████████████████████████████████████████████████████████████████████████████████████████████████████████████████████| 433/433 [00:00<00:00, 1510926.48B/s]
03/16/2026 12:52:29 - INFO - pytorch_transformers.file_utils -   copying /tmp/tmpf60tztsp to cache at /users/hd0216/.cache/torch/pytorch_transformers/b945b69218e98b3e2c95acf911789741307dec43c698d35fad11c1ae28bda352.9da767be51e1327499df13488672789394e2ca38b877837e52618a67d7002391
03/16/2026 12:52:29 - INFO - pytorch_transformers.file_utils -   creating metadata file for /users/hd0216/.cache/torch/pytorch_transformers/b945b69218e98b3e2c95acf911789741307dec43c698d35fad11c1ae28bda352.9da767be51e1327499df13488672789394e2ca38b877837e52618a67d7002391
03/16/2026 12:52:29 - INFO - pytorch_transformers.file_utils -   removing temp file /tmp/tmpf60tztsp
03/16/2026 12:52:29 - INFO - pytorch_transformers.modeling_utils -   loading configuration file https://s3.amazonaws.com/models.huggingface.co/bert/bert-base-cased-config.json from cache at /users/hd0216/.cache/torch/pytorch_transformers/b945b69218e98b3e2c95acf911789741307dec43c698d35fad11c1ae28bda352.9da767be51e1327499df13488672789394e2ca38b877837e52618a67d7002391
03/16/2026 12:52:29 - INFO - pytorch_transformers.modeling_utils -   Model config {
  "architectures": [
    "BertForMaskedLM"
  ],
  "attention_probs_dropout_prob": 0.1,
  "finetuning_task": "rte",
  "hidden_act": "gelu",
  "hidden_dropout_prob": 0.1,
  "hidden_size": 768,
  "initializer_range": 0.02,
  "intermediate_size": 3072,
  "layer_norm_eps": 1e-12,
  "max_position_embeddings": 512,
  "model_type": "bert",
  "num_attention_heads": 12,
  "num_hidden_layers": 12,
  "num_labels": 2,
  "output_attentions": false,
  "output_hidden_states": false,
  "pad_token_id": 0,
  "pruned_heads": {},
  "torchscript": false,
  "type_vocab_size": 2,
  "vocab_size": 28996
}

03/16/2026 12:52:29 - INFO - pytorch_transformers.file_utils -   https://s3.amazonaws.com/models.huggingface.co/bert/bert-base-cased-vocab.txt not found in cache or force_download set to True, downloading to /tmp/tmpnk_n7t3h
100%|████████████████████████████████████████████████████████████████████████████████████████████████████████████████████████████████████████████████████████████████████| 213450/213450 [00:00<00:00, 3400851.62B/s]
03/16/2026 12:52:30 - INFO - pytorch_transformers.file_utils -   copying /tmp/tmpnk_n7t3h to cache at /users/hd0216/.cache/torch/pytorch_transformers/5e8a2b4893d13790ed4150ca1906be5f7a03d6c4ddf62296c383f6db42814db2.e13dbb970cb325137104fb2e5f36fe865f27746c6b526f6352861b1980eb80b1
03/16/2026 12:52:30 - INFO - pytorch_transformers.file_utils -   creating metadata file for /users/hd0216/.cache/torch/pytorch_transformers/5e8a2b4893d13790ed4150ca1906be5f7a03d6c4ddf62296c383f6db42814db2.e13dbb970cb325137104fb2e5f36fe865f27746c6b526f6352861b1980eb80b1
03/16/2026 12:52:30 - INFO - pytorch_transformers.file_utils -   removing temp file /tmp/tmpnk_n7t3h
03/16/2026 12:52:30 - INFO - pytorch_transformers.tokenization_utils -   loading file https://s3.amazonaws.com/models.huggingface.co/bert/bert-base-cased-vocab.txt from cache at /users/hd0216/.cache/torch/pytorch_transformers/5e8a2b4893d13790ed4150ca1906be5f7a03d6c4ddf62296c383f6db42814db2.e13dbb970cb325137104fb2e5f36fe865f27746c6b526f6352861b1980eb80b1
03/16/2026 12:52:30 - INFO - pytorch_transformers.file_utils -   https://s3.amazonaws.com/models.huggingface.co/bert/bert-base-cased-pytorch_model.bin not found in cache or force_download set to True, downloading to /tmp/tmp0qoe7gnw
100%|██████████████████████████████████████████████████████████████████████████████████████████████████████████████████████████████████████████████████████████████| 435779157/435779157 [01:34<00:00, 4631073.07B/s]
03/16/2026 12:54:04 - INFO - pytorch_transformers.file_utils -   copying /tmp/tmp0qoe7gnw to cache at /users/hd0216/.cache/torch/pytorch_transformers/35d8b9d36faaf46728a0192d82bf7d00137490cd6074e8500778afed552a67e5.3fadbea36527ae472139fe84cddaa65454d7429f12d543d80bfc3ad70de55ac2
03/16/2026 12:54:05 - INFO - pytorch_transformers.file_utils -   creating metadata file for /users/hd0216/.cache/torch/pytorch_transformers/35d8b9d36faaf46728a0192d82bf7d00137490cd6074e8500778afed552a67e5.3fadbea36527ae472139fe84cddaa65454d7429f12d543d80bfc3ad70de55ac2
03/16/2026 12:54:05 - INFO - pytorch_transformers.file_utils -   removing temp file /tmp/tmp0qoe7gnw
03/16/2026 12:54:05 - INFO - pytorch_transformers.modeling_utils -   loading weights file https://s3.amazonaws.com/models.huggingface.co/bert/bert-base-cased-pytorch_model.bin from cache at /users/hd0216/.cache/torch/pytorch_transformers/35d8b9d36faaf46728a0192d82bf7d00137490cd6074e8500778afed552a67e5.3fadbea36527ae472139fe84cddaa65454d7429f12d543d80bfc3ad70de55ac2
/users/hd0216/.local/lib/python3.10/site-packages/pytorch_transformers/modeling_utils.py:539: FutureWarning: You are using `torch.load` with `weights_only=False` (the current default value), which uses the default pickle module implicitly. It is possible to construct malicious pickle data which will execute arbitrary code during unpickling (See https://github.com/pytorch/pytorch/blob/main/SECURITY.md#untrusted-models for more details). In a future release, the default value for `weights_only` will be flipped to `True`. This limits the functions that could be executed during unpickling. Arbitrary objects will no longer be allowed to be loaded via this mode unless they are explicitly allowlisted by the user via `torch.serialization.add_safe_globals`. We recommend you start setting `weights_only=True` for any use case where you don't have full control of the loaded file. Please open an issue on GitHub for any issues related to this experimental feature.
  state_dict = torch.load(resolved_archive_file, map_location='cpu')
03/16/2026 12:54:08 - INFO - pytorch_transformers.modeling_utils -   Weights of BertForSequenceClassification not initialized from pretrained model: ['classifier.weight', 'classifier.bias']
03/16/2026 12:54:08 - INFO - pytorch_transformers.modeling_utils -   Weights from pretrained model not used in BertForSequenceClassification: ['cls.predictions.bias', 'cls.predictions.transform.dense.weight', 'cls.predictions.transform.dense.bias', 'cls.predictions.decoder.weight', 'cls.seq_relationship.weight', 'cls.seq_relationship.bias', 'cls.predictions.transform.LayerNorm.weight', 'cls.predictions.transform.LayerNorm.bias']
03/16/2026 12:54:08 - INFO - __main__ -   Training/evaluation parameters Namespace(data_dir='/users/hd0216/glue_data/RTE', model_type='bert', model_name_or_path='bert-base-cased', task_name='rte', output_dir='/tmp/RTE_prof_gs/', config_name='', tokenizer_name='', cache_dir='', max_seq_length=128, do_train=True, do_eval=False, do_lower_case=False, per_device_train_batch_size=16, per_device_eval_batch_size=8, gradient_accumulation_steps=1, learning_rate=2e-05, weight_decay=0.0, adam_epsilon=1e-08, max_grad_norm=1.0, num_train_epochs=3.0, max_steps=4, warmup_steps=0, no_cuda=False, overwrite_output_dir=True, overwrite_cache=False, seed=42, fp16=False, fp16_opt_level='O1', local_rank=0, master_ip='10.10.1.2', master_port='12345', world_size=4, device=device(type='cpu'), n_gpu=0, output_mode='classification')
03/16/2026 12:54:08 - INFO - __main__ -   Creating features from dataset file at /users/hd0216/glue_data/RTE
03/16/2026 12:54:08 - INFO - utils_glue -   Writing example 0 of 2490
03/16/2026 12:54:08 - INFO - utils_glue -   *** Example ***
03/16/2026 12:54:08 - INFO - utils_glue -   guid: train-0
03/16/2026 12:54:08 - INFO - utils_glue -   tokens: [CLS] No Weapons of Mass Des ##truction Found in Iraq Yet . [SEP] Weapons of Mass Des ##truction Found in Iraq . [SEP]
03/16/2026 12:54:08 - INFO - utils_glue -   input_ids: 101 1302 20263 1104 8718 14177 17993 17107 1107 5008 6355 119 102 20263 1104 8718 14177 17993 17107 1107 5008 119 102 0 0 0 0 0 0 0 0 0 0 0 0 0 0 0 0 0 0 0 0 0 0 0 0 0 0 0 0 0 0 0 0 0 0 0 0 0 0 0 0 0 0 0 0 0 0 0 0 0 0 0 0 0 0 0 0 0 0 0 0 0 0 0 0 0 0 0 0 0 0 0 0 0 0 0 0 0 0 0 0 0 0 0 0 0 0 0 0 0 0 0 0 0 0 0 0 0 0 0 0 0 0 0 0 0
03/16/2026 12:54:08 - INFO - utils_glue -   input_mask: 1 1 1 1 1 1 1 1 1 1 1 1 1 1 1 1 1 1 1 1 1 1 1 0 0 0 0 0 0 0 0 0 0 0 0 0 0 0 0 0 0 0 0 0 0 0 0 0 0 0 0 0 0 0 0 0 0 0 0 0 0 0 0 0 0 0 0 0 0 0 0 0 0 0 0 0 0 0 0 0 0 0 0 0 0 0 0 0 0 0 0 0 0 0 0 0 0 0 0 0 0 0 0 0 0 0 0 0 0 0 0 0 0 0 0 0 0 0 0 0 0 0 0 0 0 0 0 0
03/16/2026 12:54:08 - INFO - utils_glue -   segment_ids: 0 0 0 0 0 0 0 0 0 0 0 0 0 1 1 1 1 1 1 1 1 1 1 0 0 0 0 0 0 0 0 0 0 0 0 0 0 0 0 0 0 0 0 0 0 0 0 0 0 0 0 0 0 0 0 0 0 0 0 0 0 0 0 0 0 0 0 0 0 0 0 0 0 0 0 0 0 0 0 0 0 0 0 0 0 0 0 0 0 0 0 0 0 0 0 0 0 0 0 0 0 0 0 0 0 0 0 0 0 0 0 0 0 0 0 0 0 0 0 0 0 0 0 0 0 0 0 0
03/16/2026 12:54:08 - INFO - utils_glue -   label: not_entailment (id = 1)
03/16/2026 12:54:08 - INFO - utils_glue -   *** Example ***
03/16/2026 12:54:08 - INFO - utils_glue -   guid: train-1
03/16/2026 12:54:08 - INFO - utils_glue -   tokens: [CLS] A place of sorrow , after Pope John Paul II died , became a place of celebration , as Roman Catholic faithful gathered in downtown Chicago to mark the installation of new Pope Benedict XVI . [SEP] Pope Benedict XVI is the new leader of the Roman Catholic Church . [SEP]
03/16/2026 12:54:08 - INFO - utils_glue -   input_ids: 101 138 1282 1104 17359 117 1170 4409 1287 1795 1563 1452 117 1245 170 1282 1104 7978 117 1112 2264 2336 12969 5260 1107 5215 2290 1106 4551 1103 8205 1104 1207 4409 12334 18406 119 102 4409 12334 18406 1110 1103 1207 2301 1104 1103 2264 2336 1722 119 102 0 0 0 0 0 0 0 0 0 0 0 0 0 0 0 0 0 0 0 0 0 0 0 0 0 0 0 0 0 0 0 0 0 0 0 0 0 0 0 0 0 0 0 0 0 0 0 0 0 0 0 0 0 0 0 0 0 0 0 0 0 0 0 0 0 0 0 0 0 0 0 0 0 0 0 0
03/16/2026 12:54:08 - INFO - utils_glue -   input_mask: 1 1 1 1 1 1 1 1 1 1 1 1 1 1 1 1 1 1 1 1 1 1 1 1 1 1 1 1 1 1 1 1 1 1 1 1 1 1 1 1 1 1 1 1 1 1 1 1 1 1 1 1 0 0 0 0 0 0 0 0 0 0 0 0 0 0 0 0 0 0 0 0 0 0 0 0 0 0 0 0 0 0 0 0 0 0 0 0 0 0 0 0 0 0 0 0 0 0 0 0 0 0 0 0 0 0 0 0 0 0 0 0 0 0 0 0 0 0 0 0 0 0 0 0 0 0 0 0
03/16/2026 12:54:08 - INFO - utils_glue -   segment_ids: 0 0 0 0 0 0 0 0 0 0 0 0 0 0 0 0 0 0 0 0 0 0 0 0 0 0 0 0 0 0 0 0 0 0 0 0 0 0 1 1 1 1 1 1 1 1 1 1 1 1 1 1 0 0 0 0 0 0 0 0 0 0 0 0 0 0 0 0 0 0 0 0 0 0 0 0 0 0 0 0 0 0 0 0 0 0 0 0 0 0 0 0 0 0 0 0 0 0 0 0 0 0 0 0 0 0 0 0 0 0 0 0 0 0 0 0 0 0 0 0 0 0 0 0 0 0 0 0
03/16/2026 12:54:08 - INFO - utils_glue -   label: entailment (id = 0)
03/16/2026 12:54:08 - INFO - utils_glue -   *** Example ***
03/16/2026 12:54:08 - INFO - utils_glue -   guid: train-2
03/16/2026 12:54:08 - INFO - utils_glue -   tokens: [CLS] Her ##ce ##pt ##in was already approved to treat the sick ##est breast cancer patients , and the company said , Monday , it will discuss with federal regulator ##s the possibility of pre ##s ##cribing the drug for more breast cancer patients . [SEP] Her ##ce ##pt ##in can be used to treat breast cancer . [SEP]
03/16/2026 12:54:08 - INFO - utils_glue -   input_ids: 101 1430 2093 6451 1394 1108 1640 4092 1106 7299 1103 4809 2556 7209 4182 4420 117 1105 1103 1419 1163 117 6356 117 1122 1209 6265 1114 2877 27335 1116 1103 5417 1104 3073 1116 27362 1103 3850 1111 1167 7209 4182 4420 119 102 1430 2093 6451 1394 1169 1129 1215 1106 7299 7209 4182 119 102 0 0 0 0 0 0 0 0 0 0 0 0 0 0 0 0 0 0 0 0 0 0 0 0 0 0 0 0 0 0 0 0 0 0 0 0 0 0 0 0 0 0 0 0 0 0 0 0 0 0 0 0 0 0 0 0 0 0 0 0 0 0 0 0 0 0 0 0 0
03/16/2026 12:54:08 - INFO - utils_glue -   input_mask: 1 1 1 1 1 1 1 1 1 1 1 1 1 1 1 1 1 1 1 1 1 1 1 1 1 1 1 1 1 1 1 1 1 1 1 1 1 1 1 1 1 1 1 1 1 1 1 1 1 1 1 1 1 1 1 1 1 1 1 0 0 0 0 0 0 0 0 0 0 0 0 0 0 0 0 0 0 0 0 0 0 0 0 0 0 0 0 0 0 0 0 0 0 0 0 0 0 0 0 0 0 0 0 0 0 0 0 0 0 0 0 0 0 0 0 0 0 0 0 0 0 0 0 0 0 0 0 0
03/16/2026 12:54:08 - INFO - utils_glue -   segment_ids: 0 0 0 0 0 0 0 0 0 0 0 0 0 0 0 0 0 0 0 0 0 0 0 0 0 0 0 0 0 0 0 0 0 0 0 0 0 0 0 0 0 0 0 0 0 0 1 1 1 1 1 1 1 1 1 1 1 1 1 0 0 0 0 0 0 0 0 0 0 0 0 0 0 0 0 0 0 0 0 0 0 0 0 0 0 0 0 0 0 0 0 0 0 0 0 0 0 0 0 0 0 0 0 0 0 0 0 0 0 0 0 0 0 0 0 0 0 0 0 0 0 0 0 0 0 0 0 0
03/16/2026 12:54:08 - INFO - utils_glue -   label: entailment (id = 0)
03/16/2026 12:54:08 - INFO - utils_glue -   *** Example ***
03/16/2026 12:54:08 - INFO - utils_glue -   guid: train-3
03/16/2026 12:54:08 - INFO - utils_glue -   tokens: [CLS] Ju ##die Vivian , chief executive at Pro ##M ##edic ##a , a medical service company that helps sustain the 2 - year - old Vietnam Heart Institute in Ho Chi Minh City ( formerly Saigon ) , said that so far about 1 , 500 children have received treatment . [SEP] The previous name of Ho Chi Minh City was Saigon . [SEP]
03/16/2026 12:54:08 - INFO - utils_glue -   input_ids: 101 23915 7782 14261 117 2705 3275 1120 5096 2107 24506 1161 117 170 2657 1555 1419 1115 6618 16974 1103 123 118 1214 118 1385 4357 4641 2024 1107 9800 11318 21481 1392 113 3147 27123 114 117 1163 1115 1177 1677 1164 122 117 2260 1482 1138 1460 3252 119 102 1109 2166 1271 1104 9800 11318 21481 1392 1108 27123 119 102 0 0 0 0 0 0 0 0 0 0 0 0 0 0 0 0 0 0 0 0 0 0 0 0 0 0 0 0 0 0 0 0 0 0 0 0 0 0 0 0 0 0 0 0 0 0 0 0 0 0 0 0 0 0 0 0 0 0 0 0 0 0 0
03/16/2026 12:54:08 - INFO - utils_glue -   input_mask: 1 1 1 1 1 1 1 1 1 1 1 1 1 1 1 1 1 1 1 1 1 1 1 1 1 1 1 1 1 1 1 1 1 1 1 1 1 1 1 1 1 1 1 1 1 1 1 1 1 1 1 1 1 1 1 1 1 1 1 1 1 1 1 1 1 0 0 0 0 0 0 0 0 0 0 0 0 0 0 0 0 0 0 0 0 0 0 0 0 0 0 0 0 0 0 0 0 0 0 0 0 0 0 0 0 0 0 0 0 0 0 0 0 0 0 0 0 0 0 0 0 0 0 0 0 0 0 0
03/16/2026 12:54:08 - INFO - utils_glue -   segment_ids: 0 0 0 0 0 0 0 0 0 0 0 0 0 0 0 0 0 0 0 0 0 0 0 0 0 0 0 0 0 0 0 0 0 0 0 0 0 0 0 0 0 0 0 0 0 0 0 0 0 0 0 0 0 1 1 1 1 1 1 1 1 1 1 1 1 0 0 0 0 0 0 0 0 0 0 0 0 0 0 0 0 0 0 0 0 0 0 0 0 0 0 0 0 0 0 0 0 0 0 0 0 0 0 0 0 0 0 0 0 0 0 0 0 0 0 0 0 0 0 0 0 0 0 0 0 0 0 0
03/16/2026 12:54:08 - INFO - utils_glue -   label: entailment (id = 0)
03/16/2026 12:54:08 - INFO - utils_glue -   *** Example ***
03/16/2026 12:54:08 - INFO - utils_glue -   guid: train-4
03/16/2026 12:54:08 - INFO - utils_glue -   tokens: [CLS] A man is due in court later charged with the murder 26 years ago of a teenager whose case was the first to be featured on BBC One ' s Crime ##watch . Cole ##tte Ara ##m , 16 , was walking to her boyfriend ' s house in Key ##worth , Nottinghamshire , on 30 October 1983 when she disappeared . Her body was later found in a field close to her home . Paul Stewart Hutchinson , 50 , has been charged with murder and is due before Nottingham magistrate ##s later . [SEP] Paul Stewart Hutchinson is accused of having stabbed a girl . [SEP]
03/16/2026 12:54:08 - INFO - utils_glue -   input_ids: 101 138 1299 1110 1496 1107 2175 1224 4601 1114 1103 3513 1744 1201 2403 1104 170 10674 2133 1692 1108 1103 1148 1106 1129 2081 1113 3173 1448 112 188 10725 21200 119 4922 3786 25692 1306 117 1479 117 1108 3179 1106 1123 6508 112 188 1402 1107 7443 4189 117 21942 117 1113 1476 1357 2278 1165 1131 4712 119 1430 1404 1108 1224 1276 1107 170 1768 1601 1106 1123 1313 119 1795 5272 18322 117 1851 117 1144 1151 4601 1114 3513 1105 1110 1496 1196 11330 20261 1116 1224 119 102 1795 5272 18322 1110 4806 1104 1515 13699 170 1873 119 102 0 0 0 0 0 0 0 0 0 0 0 0 0 0 0 0 0 0 0
03/16/2026 12:54:08 - INFO - utils_glue -   input_mask: 1 1 1 1 1 1 1 1 1 1 1 1 1 1 1 1 1 1 1 1 1 1 1 1 1 1 1 1 1 1 1 1 1 1 1 1 1 1 1 1 1 1 1 1 1 1 1 1 1 1 1 1 1 1 1 1 1 1 1 1 1 1 1 1 1 1 1 1 1 1 1 1 1 1 1 1 1 1 1 1 1 1 1 1 1 1 1 1 1 1 1 1 1 1 1 1 1 1 1 1 1 1 1 1 1 1 1 1 1 0 0 0 0 0 0 0 0 0 0 0 0 0 0 0 0 0 0 0
03/16/2026 12:54:08 - INFO - utils_glue -   segment_ids: 0 0 0 0 0 0 0 0 0 0 0 0 0 0 0 0 0 0 0 0 0 0 0 0 0 0 0 0 0 0 0 0 0 0 0 0 0 0 0 0 0 0 0 0 0 0 0 0 0 0 0 0 0 0 0 0 0 0 0 0 0 0 0 0 0 0 0 0 0 0 0 0 0 0 0 0 0 0 0 0 0 0 0 0 0 0 0 0 0 0 0 0 0 0 0 0 0 1 1 1 1 1 1 1 1 1 1 1 1 0 0 0 0 0 0 0 0 0 0 0 0 0 0 0 0 0 0 0
03/16/2026 12:54:08 - INFO - utils_glue -   label: not_entailment (id = 1)
03/16/2026 12:54:10 - INFO - __main__ -   Saving features into cached file /users/hd0216/glue_data/RTE/cached_train_bert-base-cased_128_rte
03/16/2026 12:55:52 - INFO - __main__ -   ***** Running training *****
03/16/2026 12:55:52 - INFO - __main__ -     Num examples = 2490
03/16/2026 12:55:52 - INFO - __main__ -     Num Epochs = 1
03/16/2026 12:55:52 - INFO - __main__ -     Instantaneous batch size per device = 16
03/16/2026 12:55:52 - INFO - __main__ -     Total train batch size (w. parallel, distributed & accumulation) = 64
03/16/2026 12:55:52 - INFO - __main__ -     Gradient Accumulation steps = 1
03/16/2026 12:55:52 - INFO - __main__ -     Total optimization steps = 4
Epoch:   0%|                                                                                                                                                                                   | 0/1 [00:00<?, ?it/s03/16/2026 12:56:19 - INFO - __main__ -   Rank 0, Step 0, Loss: 0.941283                                                                                                                       | 0/39 [00:00<?, ?it/s]
/users/hd0216/.local/lib/python3.10/site-packages/pytorch_transformers/optimization.py:166: UserWarning: This overload of add_ is deprecated:
	add_(Number alpha, Tensor other)
Consider using one of the following signatures instead:
	add_(Tensor other, *, Number alpha = 1) (Triggered internally at ../torch/csrc/utils/python_arg_parser.cpp:1642.)
  exp_avg.mul_(beta1).add_(1.0 - beta1, grad)
                                                                                                                                                                                                                    03/16/2026 12:56:45 - INFO - __main__ -   Rank 0, Step 1, Loss: 0.892871                                                                                                               | 1/39 [00:27<17:20, 27.38s/it]
                                                                                                                                                                                                                    03/16/2026 12:57:11 - INFO - __main__ -   Rank 0, Step 2, Loss: 0.646559                                                                                                               | 2/39 [00:53<16:24, 26.62s/it]
                                                                                                                                                                                                                    03/16/2026 12:57:36 - INFO - __main__ -   Rank 0, Step 3, Loss: 0.592269                                                                                                               | 3/39 [01:19<15:42, 26.17s/it]
ERROR:2026-03-16 12:57:37 3970:3970 output_json.cpp:117] Failed to open '/tmp/RTE_prof_gs/trace_rank0.json' : No such file or directory
ERROR:2026-03-16 12:57:37 3970:3970 output_json.cpp:559] Failed to write to log file!
                                                                                                                                                                                                                    03/16/2026 12:58:02 - INFO - __main__ -   Rank 0, Step 4, Loss: 0.782352                                                                                                               | 4/39 [01:45<15:12, 26.07s/it]
Iteration:  10%|█████████████████                                                                                                                                                     | 4/39 [02:10<18:59, 32.57s/it]
Epoch:   0%|                                                                                                                                                                                   | 0/1 [02:10<?, ?it/s]
ERROR:2026-03-16 12:58:02 3970:3970 output_json.cpp:117] Failed to open '/tmp/RTE_prof_gs/trace_rank0.json' : No such file or directory
ERROR:2026-03-16 12:58:02 3970:3970 output_json.cpp:559] Failed to write to log file!
03/16/2026 12:58:02 - INFO - __main__ -   Average time per iteration (excluding first): 25.3034 s
03/16/2026 12:58:02 - INFO - __main__ -    global_step = 5, average loss = 0.7710668683052063
03/16/2026 12:58:02 - INFO - __main__ -   Creating features from dataset file at /users/hd0216/glue_data/RTE
03/16/2026 12:58:02 - INFO - utils_glue -   Writing example 0 of 277
03/16/2026 12:58:02 - INFO - utils_glue -   *** Example ***
03/16/2026 12:58:02 - INFO - utils_glue -   guid: dev-0
03/16/2026 12:58:02 - INFO - utils_glue -   tokens: [CLS] Dana Reeve , the widow of the actor Christopher Reeve , has died of lung cancer at age 44 , according to the Christopher Reeve Foundation . [SEP] Christopher Reeve had an accident . [SEP]
03/16/2026 12:58:02 - INFO - utils_glue -   input_ids: 101 11422 26034 117 1103 8244 1104 1103 2811 4978 26034 117 1144 1452 1104 13093 4182 1120 1425 3140 117 2452 1106 1103 4978 26034 2974 119 102 4978 26034 1125 1126 4216 119 102 0 0 0 0 0 0 0 0 0 0 0 0 0 0 0 0 0 0 0 0 0 0 0 0 0 0 0 0 0 0 0 0 0 0 0 0 0 0 0 0 0 0 0 0 0 0 0 0 0 0 0 0 0 0 0 0 0 0 0 0 0 0 0 0 0 0 0 0 0 0 0 0 0 0 0 0 0 0 0 0 0 0 0 0 0 0 0 0 0 0 0 0
03/16/2026 12:58:02 - INFO - utils_glue -   input_mask: 1 1 1 1 1 1 1 1 1 1 1 1 1 1 1 1 1 1 1 1 1 1 1 1 1 1 1 1 1 1 1 1 1 1 1 1 0 0 0 0 0 0 0 0 0 0 0 0 0 0 0 0 0 0 0 0 0 0 0 0 0 0 0 0 0 0 0 0 0 0 0 0 0 0 0 0 0 0 0 0 0 0 0 0 0 0 0 0 0 0 0 0 0 0 0 0 0 0 0 0 0 0 0 0 0 0 0 0 0 0 0 0 0 0 0 0 0 0 0 0 0 0 0 0 0 0 0 0
03/16/2026 12:58:02 - INFO - utils_glue -   segment_ids: 0 0 0 0 0 0 0 0 0 0 0 0 0 0 0 0 0 0 0 0 0 0 0 0 0 0 0 0 0 1 1 1 1 1 1 1 0 0 0 0 0 0 0 0 0 0 0 0 0 0 0 0 0 0 0 0 0 0 0 0 0 0 0 0 0 0 0 0 0 0 0 0 0 0 0 0 0 0 0 0 0 0 0 0 0 0 0 0 0 0 0 0 0 0 0 0 0 0 0 0 0 0 0 0 0 0 0 0 0 0 0 0 0 0 0 0 0 0 0 0 0 0 0 0 0 0 0 0
03/16/2026 12:58:02 - INFO - utils_glue -   label: not_entailment (id = 1)
03/16/2026 12:58:02 - INFO - utils_glue -   *** Example ***
03/16/2026 12:58:02 - INFO - utils_glue -   guid: dev-1
03/16/2026 12:58:02 - INFO - utils_glue -   tokens: [CLS] Yet , we now are discovering that anti ##biotics are losing their effectiveness against illness . Disease - causing bacteria are m ##uta ##ting faster than we can come up with new anti ##biotics to fight the new variations . [SEP] Ba ##cter ##ia is winning the war against anti ##biotics . [SEP]
03/16/2026 12:58:02 - INFO - utils_glue -   input_ids: 101 6355 117 1195 1208 1132 15137 1115 2848 25523 1132 3196 1147 12949 1222 6946 119 20012 118 3989 10548 1132 182 15012 1916 4946 1190 1195 1169 1435 1146 1114 1207 2848 25523 1106 2147 1103 1207 9138 119 102 18757 25857 1465 1110 2183 1103 1594 1222 2848 25523 119 102 0 0 0 0 0 0 0 0 0 0 0 0 0 0 0 0 0 0 0 0 0 0 0 0 0 0 0 0 0 0 0 0 0 0 0 0 0 0 0 0 0 0 0 0 0 0 0 0 0 0 0 0 0 0 0 0 0 0 0 0 0 0 0 0 0 0 0 0 0 0 0 0 0 0
03/16/2026 12:58:02 - INFO - utils_glue -   input_mask: 1 1 1 1 1 1 1 1 1 1 1 1 1 1 1 1 1 1 1 1 1 1 1 1 1 1 1 1 1 1 1 1 1 1 1 1 1 1 1 1 1 1 1 1 1 1 1 1 1 1 1 1 1 1 0 0 0 0 0 0 0 0 0 0 0 0 0 0 0 0 0 0 0 0 0 0 0 0 0 0 0 0 0 0 0 0 0 0 0 0 0 0 0 0 0 0 0 0 0 0 0 0 0 0 0 0 0 0 0 0 0 0 0 0 0 0 0 0 0 0 0 0 0 0 0 0 0 0
03/16/2026 12:58:02 - INFO - utils_glue -   segment_ids: 0 0 0 0 0 0 0 0 0 0 0 0 0 0 0 0 0 0 0 0 0 0 0 0 0 0 0 0 0 0 0 0 0 0 0 0 0 0 0 0 0 0 1 1 1 1 1 1 1 1 1 1 1 1 0 0 0 0 0 0 0 0 0 0 0 0 0 0 0 0 0 0 0 0 0 0 0 0 0 0 0 0 0 0 0 0 0 0 0 0 0 0 0 0 0 0 0 0 0 0 0 0 0 0 0 0 0 0 0 0 0 0 0 0 0 0 0 0 0 0 0 0 0 0 0 0 0 0
03/16/2026 12:58:02 - INFO - utils_glue -   label: entailment (id = 0)
03/16/2026 12:58:02 - INFO - utils_glue -   *** Example ***
03/16/2026 12:58:02 - INFO - utils_glue -   guid: dev-2
03/16/2026 12:58:02 - INFO - utils_glue -   tokens: [CLS] Cairo is now home to some 15 million people - a b ##urge ##oning population that produces approximately 10 , 000 tonnes of rub ##bish per day , putting an enormous strain on public services . In the past 10 years , the government has tried hard to encourage private investment in the refuse sector , but some estimate 4 , 000 tonnes of waste is left behind every day , f ##ester ##ing in the heat as it waits for someone to clear it up . It is often the people in the poor ##est neighbourhood ##s that are worst affected . But in some areas they are fighting back . In [SEP] 15 million tonnes of rub ##bish are produced daily in Cairo . [SEP]
03/16/2026 12:58:02 - INFO - utils_glue -   input_ids: 101 11086 1110 1208 1313 1106 1199 1405 1550 1234 118 170 171 27793 10087 1416 1115 6570 2324 1275 117 1288 10992 1104 16259 26652 1679 1285 117 4518 1126 7883 10512 1113 1470 1826 119 1130 1103 1763 1275 1201 117 1103 1433 1144 1793 1662 1106 8343 2029 5151 1107 1103 10250 4291 117 1133 1199 10301 125 117 1288 10992 1104 5671 1110 1286 1481 1451 1285 117 175 12831 1158 1107 1103 3208 1112 1122 24344 1111 1800 1106 2330 1122 1146 119 1135 1110 1510 1103 1234 1107 1103 2869 2556 11685 1116 1115 1132 4997 4634 119 1252 1107 1199 1877 1152 1132 2935 1171 119 1130 102 1405 1550 10992 1104 16259 26652 1132 1666 3828 1107 11086 119 102
03/16/2026 12:58:02 - INFO - utils_glue -   input_mask: 1 1 1 1 1 1 1 1 1 1 1 1 1 1 1 1 1 1 1 1 1 1 1 1 1 1 1 1 1 1 1 1 1 1 1 1 1 1 1 1 1 1 1 1 1 1 1 1 1 1 1 1 1 1 1 1 1 1 1 1 1 1 1 1 1 1 1 1 1 1 1 1 1 1 1 1 1 1 1 1 1 1 1 1 1 1 1 1 1 1 1 1 1 1 1 1 1 1 1 1 1 1 1 1 1 1 1 1 1 1 1 1 1 1 1 1 1 1 1 1 1 1 1 1 1 1 1 1
03/16/2026 12:58:02 - INFO - utils_glue -   segment_ids: 0 0 0 0 0 0 0 0 0 0 0 0 0 0 0 0 0 0 0 0 0 0 0 0 0 0 0 0 0 0 0 0 0 0 0 0 0 0 0 0 0 0 0 0 0 0 0 0 0 0 0 0 0 0 0 0 0 0 0 0 0 0 0 0 0 0 0 0 0 0 0 0 0 0 0 0 0 0 0 0 0 0 0 0 0 0 0 0 0 0 0 0 0 0 0 0 0 0 0 0 0 0 0 0 0 0 0 0 0 0 0 0 0 0 0 1 1 1 1 1 1 1 1 1 1 1 1 1
03/16/2026 12:58:02 - INFO - utils_glue -   label: not_entailment (id = 1)
03/16/2026 12:58:02 - INFO - utils_glue -   *** Example ***
03/16/2026 12:58:02 - INFO - utils_glue -   guid: dev-3
03/16/2026 12:58:02 - INFO - utils_glue -   tokens: [CLS] The Am ##ish community in Pennsylvania , which numbers about 55 , 000 , lives an a ##grarian lifestyle , s ##hun ##ning technological advances like electricity and automobiles . And many say their ins ##ular lifestyle gives them a sense that they are protected from the violence of American society . But as residents gathered near the school , some wearing traditional g ##ar ##b and arriving in horse - drawn bug ##gies , they said that sense of safety had been shattered . " If someone snaps and wants to do something stupid , there ' s no distance that ' s going to stop them , " said Jake [SEP] Pennsylvania has the biggest Am ##ish community in the U . S . [SEP]
03/16/2026 12:58:02 - INFO - utils_glue -   input_ids: 101 1109 7277 2944 1661 1107 2680 117 1134 2849 1164 3731 117 1288 117 2491 1126 170 25873 9897 117 188 17315 3381 12675 11823 1176 6495 1105 23338 119 1262 1242 1474 1147 22233 5552 9897 3114 1172 170 2305 1115 1152 1132 4921 1121 1103 4289 1104 1237 2808 119 1252 1112 3159 5260 1485 1103 1278 117 1199 3351 2361 176 1813 1830 1105 7190 1107 3241 118 3795 15430 19310 117 1152 1163 1115 2305 1104 3429 1125 1151 11670 119 107 1409 1800 22675 1105 3349 1106 1202 1380 4736 117 1175 112 188 1185 2462 1115 112 188 1280 1106 1831 1172 117 107 1163 4387 102 2680 1144 1103 4583 7277 2944 1661 1107 1103 158 119 156 119 102
03/16/2026 12:58:02 - INFO - utils_glue -   input_mask: 1 1 1 1 1 1 1 1 1 1 1 1 1 1 1 1 1 1 1 1 1 1 1 1 1 1 1 1 1 1 1 1 1 1 1 1 1 1 1 1 1 1 1 1 1 1 1 1 1 1 1 1 1 1 1 1 1 1 1 1 1 1 1 1 1 1 1 1 1 1 1 1 1 1 1 1 1 1 1 1 1 1 1 1 1 1 1 1 1 1 1 1 1 1 1 1 1 1 1 1 1 1 1 1 1 1 1 1 1 1 1 1 1 1 1 1 1 1 1 1 1 1 1 1 1 1 1 1
03/16/2026 12:58:02 - INFO - utils_glue -   segment_ids: 0 0 0 0 0 0 0 0 0 0 0 0 0 0 0 0 0 0 0 0 0 0 0 0 0 0 0 0 0 0 0 0 0 0 0 0 0 0 0 0 0 0 0 0 0 0 0 0 0 0 0 0 0 0 0 0 0 0 0 0 0 0 0 0 0 0 0 0 0 0 0 0 0 0 0 0 0 0 0 0 0 0 0 0 0 0 0 0 0 0 0 0 0 0 0 0 0 0 0 0 0 0 0 0 0 0 0 0 0 0 0 0 0 0 1 1 1 1 1 1 1 1 1 1 1 1 1 1
03/16/2026 12:58:02 - INFO - utils_glue -   label: not_entailment (id = 1)
03/16/2026 12:58:02 - INFO - utils_glue -   *** Example ***
03/16/2026 12:58:02 - INFO - utils_glue -   guid: dev-4
03/16/2026 12:58:02 - INFO - utils_glue -   tokens: [CLS] Security forces were on high alert after an election campaign in which more than 1 , 000 people , including seven election candidates , have been killed . [SEP] Security forces were on high alert after a campaign marred by violence . [SEP]
03/16/2026 12:58:02 - INFO - utils_glue -   input_ids: 101 4354 2088 1127 1113 1344 10427 1170 1126 1728 2322 1107 1134 1167 1190 122 117 1288 1234 117 1259 1978 1728 4765 117 1138 1151 1841 119 102 4354 2088 1127 1113 1344 10427 1170 170 2322 27767 1118 4289 119 102 0 0 0 0 0 0 0 0 0 0 0 0 0 0 0 0 0 0 0 0 0 0 0 0 0 0 0 0 0 0 0 0 0 0 0 0 0 0 0 0 0 0 0 0 0 0 0 0 0 0 0 0 0 0 0 0 0 0 0 0 0 0 0 0 0 0 0 0 0 0 0 0 0 0 0 0 0 0 0 0 0 0 0 0
03/16/2026 12:58:02 - INFO - utils_glue -   input_mask: 1 1 1 1 1 1 1 1 1 1 1 1 1 1 1 1 1 1 1 1 1 1 1 1 1 1 1 1 1 1 1 1 1 1 1 1 1 1 1 1 1 1 1 1 0 0 0 0 0 0 0 0 0 0 0 0 0 0 0 0 0 0 0 0 0 0 0 0 0 0 0 0 0 0 0 0 0 0 0 0 0 0 0 0 0 0 0 0 0 0 0 0 0 0 0 0 0 0 0 0 0 0 0 0 0 0 0 0 0 0 0 0 0 0 0 0 0 0 0 0 0 0 0 0 0 0 0 0
03/16/2026 12:58:02 - INFO - utils_glue -   segment_ids: 0 0 0 0 0 0 0 0 0 0 0 0 0 0 0 0 0 0 0 0 0 0 0 0 0 0 0 0 0 0 1 1 1 1 1 1 1 1 1 1 1 1 1 1 0 0 0 0 0 0 0 0 0 0 0 0 0 0 0 0 0 0 0 0 0 0 0 0 0 0 0 0 0 0 0 0 0 0 0 0 0 0 0 0 0 0 0 0 0 0 0 0 0 0 0 0 0 0 0 0 0 0 0 0 0 0 0 0 0 0 0 0 0 0 0 0 0 0 0 0 0 0 0 0 0 0 0 0
03/16/2026 12:58:02 - INFO - utils_glue -   label: entailment (id = 0)
03/16/2026 12:58:02 - INFO - __main__ -   Saving features into cached file /users/hd0216/glue_data/RTE/cached_dev_bert-base-cased_128_rte
03/16/2026 12:58:02 - INFO - __main__ -   ***** Running evaluation  *****
03/16/2026 12:58:02 - INFO - __main__ -     Num examples = 277
03/16/2026 12:58:02 - INFO - __main__ -     Batch size = 8
Evaluating: 100%|████████████████████████████████████████████████████████████████████████████████████████████████████████████████████████████████████████████████████████████████████| 35/35 [00:07<00:00,  4.81it/s]
03/16/2026 12:58:10 - INFO - __main__ -   ***** Eval results  *****
03/16/2026 12:58:10 - INFO - __main__ -     acc = 0.4584837545126354