hd0216@node-3:~/COS568-DistLM-SP26$ cd ~/COS568-DistLM-SP26 && python3 task2a/run_glue.py --model_type bert --model_name_or_path bert-base-cased --task_name RTE --do_train --do_eval --data_dir ~/glue_data/RTE --max_seq_length 128 --per_device_train_batch_size 16 --learning_rate 2e-5 --num_train_epochs 1 --output_dir /tmp/RTE/ --overwrite_output_dir --master_ip 10.10.1.2 --master_port 12345 --world_size 4 --local_rank 3
03/16/2026 05:03:07 - WARNING - __main__ -   Process rank: 3, device: cpu, distributed training: True, 16-bits training: False
100%|██████████████████████████████████████████████████████████████████████████████████████████████████████████████████████████████████████████████████████████████████████████| 433/433 [00:00<00:00, 1698908.92B/s]
100%|████████████████████████████████████████████████████████████████████████████████████████████████████████████████████████████████████████████████████████████████████| 213450/213450 [00:00<00:00, 3313854.29B/s]
100%|██████████████████████████████████████████████████████████████████████████████████████████████████████████████████████████████████████████████████████████████| 435779157/435779157 [01:49<00:00, 3981067.26B/s]
/users/hd0216/.local/lib/python3.10/site-packages/pytorch_transformers/modeling_utils.py:539: FutureWarning: You are using `torch.load` with `weights_only=False` (the current default value), which uses the default pickle module implicitly. It is possible to construct malicious pickle data which will execute arbitrary code during unpickling (See https://github.com/pytorch/pytorch/blob/main/SECURITY.md#untrusted-models for more details). In a future release, the default value for `weights_only` will be flipped to `True`. This limits the functions that could be executed during unpickling. Arbitrary objects will no longer be allowed to be loaded via this mode unless they are explicitly allowlisted by the user via `torch.serialization.add_safe_globals`. We recommend you start setting `weights_only=True` for any use case where you don't have full control of the loaded file. Please open an issue on GitHub for any issues related to this experimental feature.
  state_dict = torch.load(resolved_archive_file, map_location='cpu')
/users/hd0216/.local/lib/python3.10/site-packages/pytorch_transformers/optimization.py:166: UserWarning: This overload of add_ is deprecated:
	add_(Number alpha, Tensor other)
Consider using one of the following signatures instead:
	add_(Tensor other, *, Number alpha = 1) (Triggered internally at ../torch/csrc/utils/python_arg_parser.cpp:1642.)
  exp_avg.mul_(beta1).add_(1.0 - beta1, grad)
Evaluating: 100%|████████████████████████████████████████████████████████████████████████████████████████████████████████████████████████████████████████████████████████████████████| 35/35 [00:06<00:00,  5.11it/s]
[rank3]: Traceback (most recent call last):
[rank3]:   File "/users/hd0216/COS568-DistLM-SP26/task2a/run_glue.py", line 458, in <module>
[rank3]:     main()
[rank3]:   File "/users/hd0216/COS568-DistLM-SP26/task2a/run_glue.py", line 451, in main
[rank3]:     global_step, tr_loss = train(args, train_dataset, model, tokenizer)
[rank3]:   File "/users/hd0216/COS568-DistLM-SP26/task2a/run_glue.py", line 186, in train
[rank3]:     evaluate(args, model, tokenizer, prefix="")
[rank3]:   File "/users/hd0216/COS568-DistLM-SP26/task2a/run_glue.py", line 250, in evaluate
[rank3]:     with open(output_eval_file, "w") as writer:
[rank3]: FileNotFoundError: [Errno 2] No such file or directory: '/tmp/RTE/eval_results.txt'