hd0216@node-0:~/COS568-DistLM-SP26$ cd ~/COS568-DistLM-SP26 && python3 task2a/run_glue.py --model_type bert --model_name_or_path bert-base-cased --task_name RTE --do_train --do_eval --data_dir ~/glue_data/RTE --max_seq_length 128 --per_device_train_batch_size 16 --learning_rate 2e-5 --num_train_epochs 1 --output_dir /tmp/RTE/ --overwrite_output_dir --master_ip 10.10.1.2 --master_port 12345 --world_size 4 --local_rank 0
03/16/2026 05:03:07 - WARNING - __main__ -   Process rank: 0, device: cpu, distributed training: True, 16-bits training: False
03/16/2026 05:03:07 - INFO - pytorch_transformers.modeling_utils -   loading configuration file https://s3.amazonaws.com/models.huggingface.co/bert/bert-base-cased-config.json from cache at /users/hd0216/.cache/torch/pytorch_transformers/b945b69218e98b3e2c95acf911789741307dec43c698d35fad11c1ae28bda352.9da767be51e1327499df13488672789394e2ca38b877837e52618a67d7002391
03/16/2026 05:03:07 - INFO - pytorch_transformers.modeling_utils -   Model config {
  "architectures": [
    "BertForMaskedLM"
  ],
  "attention_probs_dropout_prob": 0.1,
  "finetuning_task": "rte",
  "hidden_act": "gelu",
  "hidden_dropout_prob": 0.1,
  "hidden_size": 768,
  "initializer_range": 0.02,
  "intermediate_size": 3072,
  "layer_norm_eps": 1e-12,
  "max_position_embeddings": 512,
  "model_type": "bert",
  "num_attention_heads": 12,
  "num_hidden_layers": 12,
  "num_labels": 2,
  "output_attentions": false,
  "output_hidden_states": false,
  "pad_token_id": 0,
  "pruned_heads": {},
  "torchscript": false,
  "type_vocab_size": 2,
  "vocab_size": 28996
}

03/16/2026 05:03:07 - INFO - pytorch_transformers.tokenization_utils -   loading file https://s3.amazonaws.com/models.huggingface.co/bert/bert-base-cased-vocab.txt from cache at /users/hd0216/.cache/torch/pytorch_transformers/5e8a2b4893d13790ed4150ca1906be5f7a03d6c4ddf62296c383f6db42814db2.e13dbb970cb325137104fb2e5f36fe865f27746c6b526f6352861b1980eb80b1
03/16/2026 05:03:07 - INFO - pytorch_transformers.modeling_utils -   loading weights file https://s3.amazonaws.com/models.huggingface.co/bert/bert-base-cased-pytorch_model.bin from cache at /users/hd0216/.cache/torch/pytorch_transformers/35d8b9d36faaf46728a0192d82bf7d00137490cd6074e8500778afed552a67e5.3fadbea36527ae472139fe84cddaa65454d7429f12d543d80bfc3ad70de55ac2
/users/hd0216/.local/lib/python3.10/site-packages/pytorch_transformers/modeling_utils.py:539: FutureWarning: You are using `torch.load` with `weights_only=False` (the current default value), which uses the default pickle module implicitly. It is possible to construct malicious pickle data which will execute arbitrary code during unpickling (See https://github.com/pytorch/pytorch/blob/main/SECURITY.md#untrusted-models for more details). In a future release, the default value for `weights_only` will be flipped to `True`. This limits the functions that could be executed during unpickling. Arbitrary objects will no longer be allowed to be loaded via this mode unless they are explicitly allowlisted by the user via `torch.serialization.add_safe_globals`. We recommend you start setting `weights_only=True` for any use case where you don't have full control of the loaded file. Please open an issue on GitHub for any issues related to this experimental feature.
  state_dict = torch.load(resolved_archive_file, map_location='cpu')
03/16/2026 05:03:10 - INFO - pytorch_transformers.modeling_utils -   Weights of BertForSequenceClassification not initialized from pretrained model: ['classifier.weight', 'classifier.bias']
03/16/2026 05:03:10 - INFO - pytorch_transformers.modeling_utils -   Weights from pretrained model not used in BertForSequenceClassification: ['cls.predictions.bias', 'cls.predictions.transform.dense.weight', 'cls.predictions.transform.dense.bias', 'cls.predictions.decoder.weight', 'cls.seq_relationship.weight', 'cls.seq_relationship.bias', 'cls.predictions.transform.LayerNorm.weight', 'cls.predictions.transform.LayerNorm.bias']
03/16/2026 05:03:10 - INFO - __main__ -   Training/evaluation parameters Namespace(data_dir='/users/hd0216/glue_data/RTE', model_type='bert', model_name_or_path='bert-base-cased', task_name='rte', output_dir='/tmp/RTE/', config_name='', tokenizer_name='', cache_dir='', max_seq_length=128, do_train=True, do_eval=True, do_lower_case=False, per_device_train_batch_size=16, per_device_eval_batch_size=8, gradient_accumulation_steps=1, learning_rate=2e-05, weight_decay=0.0, adam_epsilon=1e-08, max_grad_norm=1.0, num_train_epochs=1.0, max_steps=-1, warmup_steps=0, no_cuda=False, overwrite_output_dir=True, overwrite_cache=False, seed=42, fp16=False, fp16_opt_level='O1', local_rank=0, master_ip='10.10.1.2', master_port='12345', world_size=4, device=device(type='cpu'), n_gpu=0, output_mode='classification')
03/16/2026 05:03:10 - INFO - __main__ -   Loading features from cached file /users/hd0216/glue_data/RTE/cached_train_bert-base-cased_128_rte
/users/hd0216/COS568-DistLM-SP26/task2a/run_glue.py:273: FutureWarning: You are using `torch.load` with `weights_only=False` (the current default value), which uses the default pickle module implicitly. It is possible to construct malicious pickle data which will execute arbitrary code during unpickling (See https://github.com/pytorch/pytorch/blob/main/SECURITY.md#untrusted-models for more details). In a future release, the default value for `weights_only` will be flipped to `True`. This limits the functions that could be executed during unpickling. Arbitrary objects will no longer be allowed to be loaded via this mode unless they are explicitly allowlisted by the user via `torch.serialization.add_safe_globals`. We recommend you start setting `weights_only=True` for any use case where you don't have full control of the loaded file. Please open an issue on GitHub for any issues related to this experimental feature.
  features = torch.load(cached_features_file)
03/16/2026 05:05:06 - INFO - __main__ -   ***** Running training *****
03/16/2026 05:05:06 - INFO - __main__ -     Num examples = 2490
03/16/2026 05:05:06 - INFO - __main__ -     Num Epochs = 1
03/16/2026 05:05:06 - INFO - __main__ -     Instantaneous batch size per device = 16
03/16/2026 05:05:06 - INFO - __main__ -     Total train batch size (w. parallel, distributed & accumulation) = 64
03/16/2026 05:05:06 - INFO - __main__ -     Gradient Accumulation steps = 1
03/16/2026 05:05:06 - INFO - __main__ -     Total optimization steps = 39
Epoch:   0%|                                                                                                                                                                                   | 0/1 [00:00<?, ?it/s03/16/2026 05:05:33 - INFO - __main__ -   Rank 0, Step 0, Loss: 0.941283                                                                                                                       | 0/39 [00:00<?, ?it/s]
/users/hd0216/.local/lib/python3.10/site-packages/pytorch_transformers/optimization.py:166: UserWarning: This overload of add_ is deprecated:
	add_(Number alpha, Tensor other)
Consider using one of the following signatures instead:
	add_(Tensor other, *, Number alpha = 1) (Triggered internally at ../torch/csrc/utils/python_arg_parser.cpp:1642.)
  exp_avg.mul_(beta1).add_(1.0 - beta1, grad)
                                                                                                                                                                                                                    03/16/2026 05:05:59 - INFO - __main__ -   Rank 0, Step 1, Loss: 0.892871                                                                                                               | 1/39 [00:28<17:48, 28.12s/it]
                                                                                                                                                                                                                    03/16/2026 05:06:24 - INFO - __main__ -   Rank 0, Step 2, Loss: 0.649929                                                                                                               | 2/39 [00:53<16:19, 26.49s/it]
                                                                                                                                                                                                                    03/16/2026 05:06:49 - INFO - __main__ -   Rank 0, Step 3, Loss: 0.608260                                                                                                               | 3/39 [01:18<15:29, 25.83s/it]
                                                                                                                                                                                                                    03/16/2026 05:07:14 - INFO - __main__ -   Rank 0, Step 4, Loss: 0.748155                                                                                                               | 4/39 [01:43<14:57, 25.64s/it]
                                                                                                                                                                                                                    03/16/2026 05:07:39 - INFO - __main__ -   Rank 0, Step 5, Loss: 0.716325                                                                                                               | 5/39 [02:08<14:23, 25.39s/it]
                                                                                                                                                                                                                    03/16/2026 05:08:04 - INFO - __main__ -   Rank 0, Step 6, Loss: 0.712180                                                                                                               | 6/39 [02:33<13:55, 25.32s/it]
                                                                                                                                                                                                                    03/16/2026 05:08:29 - INFO - __main__ -   Rank 0, Step 7, Loss: 0.720408                                                                                                               | 7/39 [02:58<13:26, 25.19s/it]
                                                                                                                                                                                                                    03/16/2026 05:08:54 - INFO - __main__ -   Rank 0, Step 8, Loss: 0.683725                                                                                                               | 8/39 [03:23<12:58, 25.11s/it]
                                                                                                                                                                                                                    03/16/2026 05:09:19 - INFO - __main__ -   Rank 0, Step 9, Loss: 0.702579                                                                                                               | 9/39 [03:48<12:32, 25.09s/it]
                                                                                                                                                                                                                    03/16/2026 05:09:44 - INFO - __main__ -   Rank 0, Step 10, Loss: 0.674323                                                                                                             | 10/39 [04:13<12:05, 25.02s/it]
                                                                                                                                                                                                                    03/16/2026 05:10:09 - INFO - __main__ -   Rank 0, Step 11, Loss: 0.634628                                                                                                             | 11/39 [04:38<11:38, 24.95s/it]
                                                                                                                                                                                                                    03/16/2026 05:10:33 - INFO - __main__ -   Rank 0, Step 12, Loss: 0.735627                                                                                                             | 12/39 [05:03<11:12, 24.90s/it]
                                                                                                                                                                                                                    03/16/2026 05:10:58 - INFO - __main__ -   Rank 0, Step 13, Loss: 0.720201                                                                                                             | 13/39 [05:28<10:46, 24.85s/it]
                                                                                                                                                                                                                    03/16/2026 05:11:23 - INFO - __main__ -   Rank 0, Step 14, Loss: 0.696902███▏                                                                                                         | 14/39 [05:52<10:20, 24.82s/it]
                                                                                                                                                                                                                    03/16/2026 05:11:48 - INFO - __main__ -   Rank 0, Step 15, Loss: 0.663284███████▍                                                                                                     | 15/39 [06:17<09:55, 24.82s/it]
                                                                                                                                                                                                                    03/16/2026 05:12:13 - INFO - __main__ -   Rank 0, Step 16, Loss: 0.701220███████████▋                                                                                                 | 16/39 [06:42<09:30, 24.81s/it]
                                                                                                                                                                                                                    03/16/2026 05:12:37 - INFO - __main__ -   Rank 0, Step 17, Loss: 0.652807███████████████▉                                                                                             | 17/39 [07:07<09:05, 24.79s/it]
                                                                                                                                                                                                                    03/16/2026 05:13:02 - INFO - __main__ -   Rank 0, Step 18, Loss: 0.685671████████████████████▏                                                                                        | 18/39 [07:31<08:39, 24.76s/it]
                                                                                                                                                                                                                    03/16/2026 05:13:27 - INFO - __main__ -   Rank 0, Step 19, Loss: 0.688830████████████████████████▍                                                                                    | 19/39 [07:56<08:14, 24.74s/it]
                                                                                                                                                                                                                    03/16/2026 05:13:51 - INFO - __main__ -   Rank 0, Step 20, Loss: 0.690831████████████████████████████▌                                                                                | 20/39 [08:21<07:50, 24.74s/it]
                                                                                                                                                                                                                    03/16/2026 05:14:16 - INFO - __main__ -   Rank 0, Step 21, Loss: 0.699399████████████████████████████████▊                                                                            | 21/39 [08:46<07:25, 24.75s/it]
                                                                                                                                                                                                                    03/16/2026 05:14:41 - INFO - __main__ -   Rank 0, Step 22, Loss: 0.675614█████████████████████████████████████                                                                        | 22/39 [09:10<06:59, 24.70s/it]
                                                                                                                                                                                                                    03/16/2026 05:15:06 - INFO - __main__ -   Rank 0, Step 23, Loss: 0.668754█████████████████████████████████████████▎                                                                   | 23/39 [09:35<06:35, 24.69s/it]
                                                                                                                                                                                                                    03/16/2026 05:15:31 - INFO - __main__ -   Rank 0, Step 24, Loss: 0.676553█████████████████████████████████████████████▌                                                               | 24/39 [10:00<06:11, 24.74s/it]
                                                                                                                                                                                                                    03/16/2026 05:15:56 - INFO - __main__ -   Rank 0, Step 25, Loss: 0.672191█████████████████████████████████████████████████▊                                                           | 25/39 [10:25<05:49, 24.94s/it]
                                                                                                                                                                                                                    03/16/2026 05:16:21 - INFO - __main__ -   Rank 0, Step 26, Loss: 0.646806██████████████████████████████████████████████████████                                                       | 26/39 [10:50<05:24, 24.96s/it]
                                                                                                                                                                                                                    03/16/2026 05:16:46 - INFO - __main__ -   Rank 0, Step 27, Loss: 0.636300██████████████████████████████████████████████████████████▏                                                  | 27/39 [11:15<04:58, 24.91s/it]
                                                                                                                                                                                                                    03/16/2026 05:17:11 - INFO - __main__ -   Rank 0, Step 28, Loss: 0.630746██████████████████████████████████████████████████████████████▍                                              | 28/39 [11:40<04:34, 24.93s/it]
                                                                                                                                                                                                                    03/16/2026 05:17:35 - INFO - __main__ -   Rank 0, Step 29, Loss: 0.640534██████████████████████████████████████████████████████████████████▋                                          | 29/39 [12:05<04:08, 24.90s/it]
                                                                                                                                                                                                                    03/16/2026 05:18:00 - INFO - __main__ -   Rank 0, Step 30, Loss: 0.716780██████████████████████████████████████████████████████████████████████▉                                      | 30/39 [12:30<03:44, 24.90s/it]
                                                                                                                                                                                                                    03/16/2026 05:18:25 - INFO - __main__ -   Rank 0, Step 31, Loss: 0.687458███████████████████████████████████████████████████████████████████████████▏                                 | 31/39 [12:54<03:18, 24.87s/it]
                                                                                                                                                                                                                    03/16/2026 05:18:50 - INFO - __main__ -   Rank 0, Step 32, Loss: 0.678590███████████████████████████████████████████████████████████████████████████████▍                             | 32/39 [13:19<02:54, 24.89s/it]
                                                                                                                                                                                                                    03/16/2026 05:19:15 - INFO - __main__ -   Rank 0, Step 33, Loss: 0.717739███████████████████████████████████████████████████████████████████████████████████▌                         | 33/39 [13:44<02:29, 24.87s/it]
                                                                                                                                                                                                                    03/16/2026 05:19:40 - INFO - __main__ -   Rank 0, Step 34, Loss: 0.719464███████████████████████████████████████████████████████████████████████████████████████▊                     | 34/39 [14:09<02:04, 24.90s/it]
                                                                                                                                                                                                                    03/16/2026 05:20:04 - INFO - __main__ -   Rank 0, Step 35, Loss: 0.653325████████████████████████████████████████████████████████████████████████████████████████████                 | 35/39 [14:34<01:39, 24.85s/it]
                                                                                                                                                                                                                    03/16/2026 05:20:29 - INFO - __main__ -   Rank 0, Step 36, Loss: 0.659270████████████████████████████████████████████████████████████████████████████████████████████████▎            | 36/39 [14:58<01:14, 24.78s/it]
                                                                                                                                                                                                                    03/16/2026 05:20:54 - INFO - __main__ -   Rank 0, Step 37, Loss: 0.712333████████████████████████████████████████████████████████████████████████████████████████████████████▌        | 37/39 [15:23<00:49, 24.75s/it]
                                                                                                                                                                                                                    03/16/2026 05:21:19 - INFO - __main__ -   Rank 0, Step 38, Loss: 0.641802████████████████████████████████████████████████████████████████████████████████████████████████████████▊    | 38/39 [15:48<00:24, 24.76s/it]
Iteration: 100%|█████████████████████████████████████████████████████████████████████████████████████████████████████████████████████████████████████████████████████████████████████| 39/39 [16:13<00:00, 24.96s/it]
03/16/2026 05:21:19 - INFO - __main__ -   Loading features from cached file /users/hd0216/glue_data/RTE/cached_dev_bert-base-cased_128_rte███████████████████████████████████████████| 39/39 [16:13<00:00, 24.82s/it]
/users/hd0216/COS568-DistLM-SP26/task2a/run_glue.py:273: FutureWarning: You are using `torch.load` with `weights_only=False` (the current default value), which uses the default pickle module implicitly. It is possible to construct malicious pickle data which will execute arbitrary code during unpickling (See https://github.com/pytorch/pytorch/blob/main/SECURITY.md#untrusted-models for more details). In a future release, the default value for `weights_only` will be flipped to `True`. This limits the functions that could be executed during unpickling. Arbitrary objects will no longer be allowed to be loaded via this mode unless they are explicitly allowlisted by the user via `torch.serialization.add_safe_globals`. We recommend you start setting `weights_only=True` for any use case where you don't have full control of the loaded file. Please open an issue on GitHub for any issues related to this experimental feature.
  features = torch.load(cached_features_file)
03/16/2026 05:21:19 - INFO - __main__ -   ***** Running evaluation  *****
03/16/2026 05:21:19 - INFO - __main__ -     Num examples = 277
03/16/2026 05:21:19 - INFO - __main__ -     Batch size = 8
Evaluating: 100%|████████████████████████████████████████████████████████████████████████████████████████████████████████████████████████████████████████████████████████████████████| 35/35 [00:06<00:00,  5.05it/s]
03/16/2026 05:21:26 - INFO - __main__ -   ***** Eval results  *****██████████████████████████████████████████████████████████████████████████████████████████████████████████████████| 35/35 [00:06<00:00,  5.55it/s]
03/16/2026 05:21:26 - INFO - __main__ -     acc = 0.5956678700361011
Epoch: 100%|██████████████████████████████████████████████████████████████████████████████████████████████████████████████████████████████████████████████████████████████████████████| 1/1 [16:20<00:00, 980.35s/it]
03/16/2026 05:21:26 - INFO - __main__ -   Average time per iteration (excluding first): 24.6852 s
03/16/2026 05:21:26 - INFO - __main__ -    global_step = 39, average loss = 0.693684519865574
03/16/2026 05:21:26 - INFO - __main__ -   Loading features from cached file /users/hd0216/glue_data/RTE/cached_dev_bert-base-cased_128_rte
[rank0]: Traceback (most recent call last):
[rank0]:   File "/users/hd0216/COS568-DistLM-SP26/task2a/run_glue.py", line 458, in <module>
[rank0]:     main()
[rank0]:   File "/users/hd0216/COS568-DistLM-SP26/task2a/run_glue.py", line 455, in main
[rank0]:     evaluate(args, model, tokenizer, prefix="")
[rank0]:   File "/users/hd0216/COS568-DistLM-SP26/task2a/run_glue.py", line 202, in evaluate
[rank0]:     eval_dataset = load_and_cache_examples(args, eval_task, tokenizer, evaluate=True)
[rank0]:   File "/users/hd0216/COS568-DistLM-SP26/task2a/run_glue.py", line 296, in load_and_cache_examples
[rank0]:     torch.distributed.barrier()  # Make sure only the first process in distributed training process the dataset, and the others will use the cache
[rank0]:   File "/users/hd0216/.local/lib/python3.10/site-packages/torch/distributed/c10d_logger.py", line 83, in wrapper
[rank0]:     return func(*args, **kwargs)
[rank0]:   File "/users/hd0216/.local/lib/python3.10/site-packages/torch/distributed/distributed_c10d.py", line 4164, in barrier
[rank0]:     work.wait()
[rank0]: RuntimeError: [../third_party/gloo/gloo/transport/tcp/pair.cc:534] Connection closed by peer [128.105.145.167]:36538