hd0216@node-0:~/COS568-DistLM-SP26$ cd ~/COS568-DistLM-SP26 && python3 task3/run_glue.py --model_type bert --model_name_or_path bert-base-cased --task_name RTE --do_train --do_eval --data_dir ~/glue_data/RTE --max_seq_length 128 --per_device_train_batch_size 16 --learning_rate 2e-5 --num_train_epochs 1 --output_dir /tmp/RTE/ --overwrite_output_dir --master_ip 10.10.1.2 --master_port 12345 --world_size 4 --local_rank 0
03/16/2026 06:27:23 - WARNING - __main__ -   Process rank: 0, device: cpu, distributed training: True, 16-bits training: False
03/16/2026 06:27:23 - INFO - pytorch_transformers.modeling_utils -   loading configuration file https://s3.amazonaws.com/models.huggingface.co/bert/bert-base-cased-config.json from cache at /users/hd0216/.cache/torch/pytorch_transformers/b945b69218e98b3e2c95acf911789741307dec43c698d35fad11c1ae28bda352.9da767be51e1327499df13488672789394e2ca38b877837e52618a67d7002391
03/16/2026 06:27:23 - INFO - pytorch_transformers.modeling_utils -   Model config {
  "architectures": [
    "BertForMaskedLM"
  ],
  "attention_probs_dropout_prob": 0.1,
  "finetuning_task": "rte",
  "hidden_act": "gelu",
  "hidden_dropout_prob": 0.1,
  "hidden_size": 768,
  "initializer_range": 0.02,
  "intermediate_size": 3072,
  "layer_norm_eps": 1e-12,
  "max_position_embeddings": 512,
  "model_type": "bert",
  "num_attention_heads": 12,
  "num_hidden_layers": 12,
  "num_labels": 2,
  "output_attentions": false,
  "output_hidden_states": false,
  "pad_token_id": 0,
  "pruned_heads": {},
  "torchscript": false,
  "type_vocab_size": 2,
  "vocab_size": 28996
}

03/16/2026 06:27:24 - INFO - pytorch_transformers.tokenization_utils -   loading file https://s3.amazonaws.com/models.huggingface.co/bert/bert-base-cased-vocab.txt from cache at /users/hd0216/.cache/torch/pytorch_transformers/5e8a2b4893d13790ed4150ca1906be5f7a03d6c4ddf62296c383f6db42814db2.e13dbb970cb325137104fb2e5f36fe865f27746c6b526f6352861b1980eb80b1
03/16/2026 06:27:24 - INFO - pytorch_transformers.modeling_utils -   loading weights file https://s3.amazonaws.com/models.huggingface.co/bert/bert-base-cased-pytorch_model.bin from cache at /users/hd0216/.cache/torch/pytorch_transformers/35d8b9d36faaf46728a0192d82bf7d00137490cd6074e8500778afed552a67e5.3fadbea36527ae472139fe84cddaa65454d7429f12d543d80bfc3ad70de55ac2
/users/hd0216/.local/lib/python3.10/site-packages/pytorch_transformers/modeling_utils.py:539: FutureWarning: You are using `torch.load` with `weights_only=False` (the current default value), which uses the default pickle module implicitly. It is possible to construct malicious pickle data which will execute arbitrary code during unpickling (See https://github.com/pytorch/pytorch/blob/main/SECURITY.md#untrusted-models for more details). In a future release, the default value for `weights_only` will be flipped to `True`. This limits the functions that could be executed during unpickling. Arbitrary objects will no longer be allowed to be loaded via this mode unless they are explicitly allowlisted by the user via `torch.serialization.add_safe_globals`. We recommend you start setting `weights_only=True` for any use case where you don't have full control of the loaded file. Please open an issue on GitHub for any issues related to this experimental feature.
  state_dict = torch.load(resolved_archive_file, map_location='cpu')
03/16/2026 06:27:27 - INFO - pytorch_transformers.modeling_utils -   Weights of BertForSequenceClassification not initialized from pretrained model: ['classifier.weight', 'classifier.bias']
03/16/2026 06:27:27 - INFO - pytorch_transformers.modeling_utils -   Weights from pretrained model not used in BertForSequenceClassification: ['cls.predictions.bias', 'cls.predictions.transform.dense.weight', 'cls.predictions.transform.dense.bias', 'cls.predictions.decoder.weight', 'cls.seq_relationship.weight', 'cls.seq_relationship.bias', 'cls.predictions.transform.LayerNorm.weight', 'cls.predictions.transform.LayerNorm.bias']
03/16/2026 06:27:38 - INFO - __main__ -   Training/evaluation parameters Namespace(data_dir='/users/hd0216/glue_data/RTE', model_type='bert', model_name_or_path='bert-base-cased', task_name='rte', output_dir='/tmp/RTE/', config_name='', tokenizer_name='', cache_dir='', max_seq_length=128, do_train=True, do_eval=True, do_lower_case=False, per_device_train_batch_size=16, per_device_eval_batch_size=8, gradient_accumulation_steps=1, learning_rate=2e-05, weight_decay=0.0, adam_epsilon=1e-08, max_grad_norm=1.0, num_train_epochs=1.0, max_steps=-1, warmup_steps=0, no_cuda=False, overwrite_output_dir=True, overwrite_cache=False, seed=42, fp16=False, fp16_opt_level='O1', local_rank=0, master_ip='10.10.1.2', master_port='12345', world_size=4, device=device(type='cpu'), n_gpu=0, output_mode='classification')
03/16/2026 06:27:38 - INFO - __main__ -   Loading features from cached file /users/hd0216/glue_data/RTE/cached_train_bert-base-cased_128_rte
/users/hd0216/COS568-DistLM-SP26/task3/run_glue.py:259: FutureWarning: You are using `torch.load` with `weights_only=False` (the current default value), which uses the default pickle module implicitly. It is possible to construct malicious pickle data which will execute arbitrary code during unpickling (See https://github.com/pytorch/pytorch/blob/main/SECURITY.md#untrusted-models for more details). In a future release, the default value for `weights_only` will be flipped to `True`. This limits the functions that could be executed during unpickling. Arbitrary objects will no longer be allowed to be loaded via this mode unless they are explicitly allowlisted by the user via `torch.serialization.add_safe_globals`. We recommend you start setting `weights_only=True` for any use case where you don't have full control of the loaded file. Please open an issue on GitHub for any issues related to this experimental feature.
  features = torch.load(cached_features_file)
03/16/2026 06:27:40 - INFO - __main__ -   ***** Running training *****
03/16/2026 06:27:40 - INFO - __main__ -     Num examples = 2490
03/16/2026 06:27:40 - INFO - __main__ -     Num Epochs = 1
03/16/2026 06:27:40 - INFO - __main__ -     Instantaneous batch size per device = 16
03/16/2026 06:27:40 - INFO - __main__ -     Total train batch size (w. parallel, distributed & accumulation) = 64
03/16/2026 06:27:40 - INFO - __main__ -     Gradient Accumulation steps = 1
03/16/2026 06:27:40 - INFO - __main__ -     Total optimization steps = 39
Epoch:   0%|                                                                                                                                                                                   | 0/1 [00:00<?, ?it/s03/16/2026 06:27:50 - INFO - __main__ -   Rank 0, Step 0, Loss: 0.941283                                                                                                                       | 0/39 [00:00<?, ?it/s]
/users/hd0216/.local/lib/python3.10/site-packages/pytorch_transformers/optimization.py:166: UserWarning: This overload of add_ is deprecated:
	add_(Number alpha, Tensor other)
Consider using one of the following signatures instead:
	add_(Tensor other, *, Number alpha = 1) (Triggered internally at ../torch/csrc/utils/python_arg_parser.cpp:1642.)
  exp_avg.mul_(beta1).add_(1.0 - beta1, grad)
                                                                                                                                                                                                                    03/16/2026 06:27:57 - INFO - __main__ -   Rank 0, Step 1, Loss: 0.892871                                                                                                               | 1/39 [00:10<06:34, 10.39s/it]
                                                                                                                                                                                                                    03/16/2026 06:28:04 - INFO - __main__ -   Rank 0, Step 2, Loss: 0.649929                                                                                                               | 2/39 [00:17<05:08,  8.33s/it]
                                                                                                                                                                                                                    03/16/2026 06:28:11 - INFO - __main__ -   Rank 0, Step 3, Loss: 0.608260                                                                                                               | 3/39 [00:24<04:35,  7.66s/it]
                                                                                                                                                                                                                    03/16/2026 06:28:17 - INFO - __main__ -   Rank 0, Step 4, Loss: 0.748155                                                                                                               | 4/39 [00:30<04:14,  7.28s/it]
                                                                                                                                                                                                                    03/16/2026 06:28:24 - INFO - __main__ -   Rank 0, Step 5, Loss: 0.716325                                                                                                               | 5/39 [00:37<03:57,  7.00s/it]
                                                                                                                                                                                                                    03/16/2026 06:28:30 - INFO - __main__ -   Rank 0, Step 6, Loss: 0.712180                                                                                                               | 6/39 [00:43<03:45,  6.84s/it]
                                                                                                                                                                                                                    03/16/2026 06:28:37 - INFO - __main__ -   Rank 0, Step 7, Loss: 0.720408                                                                                                               | 7/39 [00:50<03:35,  6.72s/it]
                                                                                                                                                                                                                    03/16/2026 06:28:43 - INFO - __main__ -   Rank 0, Step 8, Loss: 0.683725                                                                                                               | 8/39 [00:56<03:26,  6.65s/it]
                                                                                                                                                                                                                    03/16/2026 06:28:50 - INFO - __main__ -   Rank 0, Step 9, Loss: 0.702579                                                                                                               | 9/39 [01:03<03:16,  6.56s/it]
                                                                                                                                                                                                                    03/16/2026 06:28:56 - INFO - __main__ -   Rank 0, Step 10, Loss: 0.674323                                                                                                             | 10/39 [01:09<03:10,  6.58s/it]
                                                                                                                                                                                                                    03/16/2026 06:29:02 - INFO - __main__ -   Rank 0, Step 11, Loss: 0.634627                                                                                                             | 11/39 [01:16<03:02,  6.50s/it]
                                                                                                                                                                                                                    03/16/2026 06:29:09 - INFO - __main__ -   Rank 0, Step 12, Loss: 0.735627                                                                                                             | 12/39 [01:22<02:54,  6.47s/it]
                                                                                                                                                                                                                    03/16/2026 06:29:15 - INFO - __main__ -   Rank 0, Step 13, Loss: 0.720201                                                                                                             | 13/39 [01:29<02:48,  6.47s/it]
                                                                                                                                                                                                                    03/16/2026 06:29:22 - INFO - __main__ -   Rank 0, Step 14, Loss: 0.696902███▏                                                                                                         | 14/39 [01:35<02:41,  6.45s/it]
                                                                                                                                                                                                                    03/16/2026 06:29:28 - INFO - __main__ -   Rank 0, Step 15, Loss: 0.663284███████▍                                                                                                     | 15/39 [01:41<02:34,  6.43s/it]
                                                                                                                                                                                                                    03/16/2026 06:29:35 - INFO - __main__ -   Rank 0, Step 16, Loss: 0.701220███████████▋                                                                                                 | 16/39 [01:48<02:28,  6.46s/it]
                                                                                                                                                                                                                    03/16/2026 06:29:41 - INFO - __main__ -   Rank 0, Step 17, Loss: 0.652807███████████████▉                                                                                             | 17/39 [01:54<02:22,  6.46s/it]
                                                                                                                                                                                                                    03/16/2026 06:29:47 - INFO - __main__ -   Rank 0, Step 18, Loss: 0.685671████████████████████▏                                                                                        | 18/39 [02:01<02:14,  6.42s/it]
                                                                                                                                                                                                                    03/16/2026 06:29:54 - INFO - __main__ -   Rank 0, Step 19, Loss: 0.688830████████████████████████▍                                                                                    | 19/39 [02:07<02:08,  6.43s/it]
                                                                                                                                                                                                                    03/16/2026 06:30:00 - INFO - __main__ -   Rank 0, Step 20, Loss: 0.690831████████████████████████████▌                                                                                | 20/39 [02:13<02:01,  6.42s/it]
                                                                                                                                                                                                                    03/16/2026 06:30:07 - INFO - __main__ -   Rank 0, Step 21, Loss: 0.699399████████████████████████████████▊                                                                            | 21/39 [02:20<01:56,  6.46s/it]
                                                                                                                                                                                                                    03/16/2026 06:30:13 - INFO - __main__ -   Rank 0, Step 22, Loss: 0.675614█████████████████████████████████████                                                                        | 22/39 [02:26<01:49,  6.44s/it]
                                                                                                                                                                                                                    03/16/2026 06:30:19 - INFO - __main__ -   Rank 0, Step 23, Loss: 0.668754█████████████████████████████████████████▎                                                                   | 23/39 [02:33<01:42,  6.40s/it]
                                                                                                                                                                                                                    03/16/2026 06:30:26 - INFO - __main__ -   Rank 0, Step 24, Loss: 0.676553█████████████████████████████████████████████▌                                                               | 24/39 [02:39<01:36,  6.40s/it]
                                                                                                                                                                                                                    03/16/2026 06:30:32 - INFO - __main__ -   Rank 0, Step 25, Loss: 0.672191█████████████████████████████████████████████████▊                                                           | 25/39 [02:46<01:29,  6.40s/it]
                                                                                                                                                                                                                    03/16/2026 06:30:39 - INFO - __main__ -   Rank 0, Step 26, Loss: 0.646806██████████████████████████████████████████████████████                                                       | 26/39 [02:52<01:23,  6.39s/it]
                                                                                                                                                                                                                    03/16/2026 06:30:45 - INFO - __main__ -   Rank 0, Step 27, Loss: 0.636300██████████████████████████████████████████████████████████▏                                                  | 27/39 [02:58<01:16,  6.38s/it]
                                                                                                                                                                                                                    03/16/2026 06:30:51 - INFO - __main__ -   Rank 0, Step 28, Loss: 0.630746██████████████████████████████████████████████████████████████▍                                              | 28/39 [03:05<01:10,  6.40s/it]
                                                                                                                                                                                                                    03/16/2026 06:30:58 - INFO - __main__ -   Rank 0, Step 29, Loss: 0.640534██████████████████████████████████████████████████████████████████▋                                          | 29/39 [03:11<01:03,  6.38s/it]
                                                                                                                                                                                                                    03/16/2026 06:31:04 - INFO - __main__ -   Rank 0, Step 30, Loss: 0.716780██████████████████████████████████████████████████████████████████████▉                                      | 30/39 [03:17<00:57,  6.37s/it]
                                                                                                                                                                                                                    03/16/2026 06:31:10 - INFO - __main__ -   Rank 0, Step 31, Loss: 0.687459███████████████████████████████████████████████████████████████████████████▏                                 | 31/39 [03:24<00:50,  6.36s/it]
                                                                                                                                                                                                                    03/16/2026 06:31:17 - INFO - __main__ -   Rank 0, Step 32, Loss: 0.678590███████████████████████████████████████████████████████████████████████████████▍                             | 32/39 [03:30<00:44,  6.34s/it]
                                                                                                                                                                                                                    03/16/2026 06:31:23 - INFO - __main__ -   Rank 0, Step 33, Loss: 0.717739███████████████████████████████████████████████████████████████████████████████████▌                         | 33/39 [03:36<00:37,  6.33s/it]
                                                                                                                                                                                                                    03/16/2026 06:31:29 - INFO - __main__ -   Rank 0, Step 34, Loss: 0.719464███████████████████████████████████████████████████████████████████████████████████████▊                     | 34/39 [03:43<00:31,  6.34s/it]
                                                                                                                                                                                                                    03/16/2026 06:31:36 - INFO - __main__ -   Rank 0, Step 35, Loss: 0.653325████████████████████████████████████████████████████████████████████████████████████████████                 | 35/39 [03:49<00:25,  6.33s/it]
                                                                                                                                                                                                                    03/16/2026 06:31:42 - INFO - __main__ -   Rank 0, Step 36, Loss: 0.659270████████████████████████████████████████████████████████████████████████████████████████████████▎            | 36/39 [03:55<00:19,  6.34s/it]
                                                                                                                                                                                                                    03/16/2026 06:31:48 - INFO - __main__ -   Rank 0, Step 37, Loss: 0.712333████████████████████████████████████████████████████████████████████████████████████████████████████▌        | 37/39 [04:02<00:12,  6.33s/it]
                                                                                                                                                                                                                    03/16/2026 06:31:55 - INFO - __main__ -   Rank 0, Step 38, Loss: 0.641802████████████████████████████████████████████████████████████████████████████████████████████████████████▊    | 38/39 [04:08<00:06,  6.32s/it]
Iteration: 100%|█████████████████████████████████████████████████████████████████████████████████████████████████████████████████████████████████████████████████████████████████████| 39/39 [04:14<00:00,  6.53s/it]
03/16/2026 06:31:55 - INFO - __main__ -   Loading features from cached file /users/hd0216/glue_data/RTE/cached_dev_bert-base-cased_128_rte███████████████████████████████████████████| 39/39 [04:14<00:00,  6.30s/it]
03/16/2026 06:31:55 - INFO - __main__ -   ***** Running evaluation  *****
03/16/2026 06:31:55 - INFO - __main__ -     Num examples = 277
03/16/2026 06:31:55 - INFO - __main__ -     Batch size = 8
Evaluating: 100%|████████████████████████████████████████████████████████████████████████████████████████████████████████████████████████████████████████████████████████████████████| 35/35 [00:06<00:00,  5.09it/s]
03/16/2026 06:32:02 - INFO - __main__ -   ***** Eval results  *****██████████████████████████████████████████████████████████████████████████████████████████████████████████████████| 35/35 [00:06<00:00,  5.57it/s]
03/16/2026 06:32:02 - INFO - __main__ -     acc = 0.5956678700361011
Epoch: 100%|██████████████████████████████████████████████████████████████████████████████████████████████████████████████████████████████████████████████████████████████████████████| 1/1 [04:21<00:00, 261.64s/it]
03/16/2026 06:32:02 - INFO - __main__ -   Average time per iteration (excluding first): 6.3047 s
03/16/2026 06:32:02 - INFO - __main__ -    global_step = 39, average loss = 0.6936845229222224
03/16/2026 06:32:02 - INFO - __main__ -   Loading features from cached file /users/hd0216/glue_data/RTE/cached_dev_bert-base-cased_128_rte
03/16/2026 06:32:02 - INFO - __main__ -   ***** Running evaluation  *****
03/16/2026 06:32:02 - INFO - __main__ -     Num examples = 277
03/16/2026 06:32:02 - INFO - __main__ -     Batch size = 8
Evaluating: 100%|████████████████████████████████████████████████████████████████████████████████████████████████████████████████████████████████████████████████████████████████████| 35/35 [00:06<00:00,  5.26it/s]
03/16/2026 06:32:09 - INFO - __main__ -   ***** Eval results  *****
03/16/2026 06:32:09 - INFO - __main__ -     acc = 0.5956678700361011