hd0216@node-0:~/COS568-DistLM-SP26$ python3 task4/run_glue_allreduce.py --model_type bert --model_name_or_path bert-base-cased --task_name RTE --do_train --data_dir ~/glue_data/RTE --max_seq_length 128 --per_device_train_batch_size 16 --learning_rate 2e-5 --max_steps 4 --output_dir /users/hd0216/COS568-DistLM-SP26/tmp/RTE_prof_ar/ --overwrite_output_dir --master_ip 10.10.1.2 --master_port 12346 --world_size 4 --local_rank 0
03/16/2026 13:28:30 - WARNING - __main__ -   Process rank: 0, device: cpu, distributed training: True, 16-bits training: False
03/16/2026 13:28:30 - INFO - pytorch_transformers.modeling_utils -   loading configuration file https://s3.amazonaws.com/models.huggingface.co/bert/bert-base-cased-config.json from cache at /users/hd0216/.cache/torch/pytorch_transformers/b945b69218e98b3e2c95acf911789741307dec43c698d35fad11c1ae28bda352.9da767be51e1327499df13488672789394e2ca38b877837e52618a67d7002391
03/16/2026 13:28:30 - INFO - pytorch_transformers.modeling_utils -   Model config {
  "architectures": [
    "BertForMaskedLM"
  ],
  "attention_probs_dropout_prob": 0.1,
  "finetuning_task": "rte",
  "hidden_act": "gelu",
  "hidden_dropout_prob": 0.1,
  "hidden_size": 768,
  "initializer_range": 0.02,
  "intermediate_size": 3072,
  "layer_norm_eps": 1e-12,
  "max_position_embeddings": 512,
  "model_type": "bert",
  "num_attention_heads": 12,
  "num_hidden_layers": 12,
  "num_labels": 2,
  "output_attentions": false,
  "output_hidden_states": false,
  "pad_token_id": 0,
  "pruned_heads": {},
  "torchscript": false,
  "type_vocab_size": 2,
  "vocab_size": 28996
}

03/16/2026 13:28:30 - INFO - pytorch_transformers.tokenization_utils -   loading file https://s3.amazonaws.com/models.huggingface.co/bert/bert-base-cased-vocab.txt from cache at /users/hd0216/.cache/torch/pytorch_transformers/5e8a2b4893d13790ed4150ca1906be5f7a03d6c4ddf62296c383f6db42814db2.e13dbb970cb325137104fb2e5f36fe865f27746c6b526f6352861b1980eb80b1
03/16/2026 13:28:30 - INFO - pytorch_transformers.modeling_utils -   loading weights file https://s3.amazonaws.com/models.huggingface.co/bert/bert-base-cased-pytorch_model.bin from cache at /users/hd0216/.cache/torch/pytorch_transformers/35d8b9d36faaf46728a0192d82bf7d00137490cd6074e8500778afed552a67e5.3fadbea36527ae472139fe84cddaa65454d7429f12d543d80bfc3ad70de55ac2
/users/hd0216/.local/lib/python3.10/site-packages/pytorch_transformers/modeling_utils.py:539: FutureWarning: You are using `torch.load` with `weights_only=False` (the current default value), which uses the default pickle module implicitly. It is possible to construct malicious pickle data which will execute arbitrary code during unpickling (See https://github.com/pytorch/pytorch/blob/main/SECURITY.md#untrusted-models for more details). In a future release, the default value for `weights_only` will be flipped to `True`. This limits the functions that could be executed during unpickling. Arbitrary objects will no longer be allowed to be loaded via this mode unless they are explicitly allowlisted by the user via `torch.serialization.add_safe_globals`. We recommend you start setting `weights_only=True` for any use case where you don't have full control of the loaded file. Please open an issue on GitHub for any issues related to this experimental feature.
  state_dict = torch.load(resolved_archive_file, map_location='cpu')
03/16/2026 13:28:33 - INFO - pytorch_transformers.modeling_utils -   Weights of BertForSequenceClassification not initialized from pretrained model: ['classifier.weight', 'classifier.bias']
03/16/2026 13:28:33 - INFO - pytorch_transformers.modeling_utils -   Weights from pretrained model not used in BertForSequenceClassification: ['cls.predictions.bias', 'cls.predictions.transform.dense.weight', 'cls.predictions.transform.dense.bias', 'cls.predictions.decoder.weight', 'cls.seq_relationship.weight', 'cls.seq_relationship.bias', 'cls.predictions.transform.LayerNorm.weight', 'cls.predictions.transform.LayerNorm.bias']
03/16/2026 13:28:33 - INFO - __main__ -   Training/evaluation parameters Namespace(data_dir='/users/hd0216/glue_data/RTE', model_type='bert', model_name_or_path='bert-base-cased', task_name='rte', output_dir='/users/hd0216/COS568-DistLM-SP26/tmp/RTE_prof_ar/', config_name='', tokenizer_name='', cache_dir='', max_seq_length=128, do_train=True, do_eval=False, do_lower_case=False, per_device_train_batch_size=16, per_device_eval_batch_size=8, gradient_accumulation_steps=1, learning_rate=2e-05, weight_decay=0.0, adam_epsilon=1e-08, max_grad_norm=1.0, num_train_epochs=3.0, max_steps=4, warmup_steps=0, no_cuda=False, overwrite_output_dir=True, overwrite_cache=False, seed=42, fp16=False, fp16_opt_level='O1', local_rank=0, master_ip='10.10.1.2', master_port='12346', world_size=4, device=device(type='cpu'), n_gpu=0, output_mode='classification')
03/16/2026 13:28:33 - INFO - __main__ -   Loading features from cached file /users/hd0216/glue_data/RTE/cached_train_bert-base-cased_128_rte
/users/hd0216/COS568-DistLM-SP26/task4/run_glue_allreduce.py:279: FutureWarning: You are using `torch.load` with `weights_only=False` (the current default value), which uses the default pickle module implicitly. It is possible to construct malicious pickle data which will execute arbitrary code during unpickling (See https://github.com/pytorch/pytorch/blob/main/SECURITY.md#untrusted-models for more details). In a future release, the default value for `weights_only` will be flipped to `True`. This limits the functions that could be executed during unpickling. Arbitrary objects will no longer be allowed to be loaded via this mode unless they are explicitly allowlisted by the user via `torch.serialization.add_safe_globals`. We recommend you start setting `weights_only=True` for any use case where you don't have full control of the loaded file. Please open an issue on GitHub for any issues related to this experimental feature.
  features = torch.load(cached_features_file)
03/16/2026 13:28:38 - INFO - __main__ -   ***** Running training *****
03/16/2026 13:28:38 - INFO - __main__ -     Num examples = 2490
03/16/2026 13:28:38 - INFO - __main__ -     Num Epochs = 1
03/16/2026 13:28:38 - INFO - __main__ -     Instantaneous batch size per device = 16
03/16/2026 13:28:38 - INFO - __main__ -     Total train batch size (w. parallel, distributed & accumulation) = 64
03/16/2026 13:28:38 - INFO - __main__ -     Gradient Accumulation steps = 1
03/16/2026 13:28:38 - INFO - __main__ -     Total optimization steps = 4
Epoch:   0%|                                                                                                                                                                                   | 0/1 [00:00<?, ?it/s03/16/2026 13:28:48 - INFO - __main__ -   Rank 0, Step 0, Loss: 0.941283                                                                                                                       | 0/39 [00:00<?, ?it/s]
/users/hd0216/.local/lib/python3.10/site-packages/pytorch_transformers/optimization.py:166: UserWarning: This overload of add_ is deprecated:
	add_(Number alpha, Tensor other)
Consider using one of the following signatures instead:
	add_(Tensor other, *, Number alpha = 1) (Triggered internally at ../torch/csrc/utils/python_arg_parser.cpp:1642.)
  exp_avg.mul_(beta1).add_(1.0 - beta1, grad)
                                                                                                                                                                                                                    03/16/2026 13:28:57 - INFO - __main__ -   Rank 0, Step 1, Loss: 0.892871                                                                                                               | 1/39 [00:11<06:59, 11.04s/it]
                                                                                                                                                                                                                    03/16/2026 13:29:05 - INFO - __main__ -   Rank 0, Step 2, Loss: 0.646559                                                                                                               | 2/39 [00:19<05:44,  9.30s/it]
                                                                                                                                                                                                                    03/16/2026 13:29:13 - INFO - __main__ -   Rank 0, Step 3, Loss: 0.592269                                                                                                               | 3/39 [00:27<05:13,  8.71s/it]
                                                                                                                                                                                                                    03/16/2026 13:29:21 - INFO - __main__ -   Rank 0, Step 4, Loss: 0.782352                                                                                                               | 4/39 [00:35<05:00,  8.57s/it]
Iteration:  10%|█████████████████                                                                                                                                                     | 4/39 [00:43<06:20, 10.87s/it]
Epoch:   0%|                                                                                                                                                                                   | 0/1 [00:43<?, ?it/s]
03/16/2026 13:29:21 - INFO - __main__ -   Average time per iteration (excluding first): 7.8315 s
03/16/2026 13:29:21 - INFO - __main__ -    global_step = 5, average loss = 0.7710668921470643
03/16/2026 13:29:21 - INFO - __main__ -   Loading features from cached file /users/hd0216/glue_data/RTE/cached_dev_bert-base-cased_128_rte
/users/hd0216/COS568-DistLM-SP26/task4/run_glue_allreduce.py:279: FutureWarning: You are using `torch.load` with `weights_only=False` (the current default value), which uses the default pickle module implicitly. It is possible to construct malicious pickle data which will execute arbitrary code during unpickling (See https://github.com/pytorch/pytorch/blob/main/SECURITY.md#untrusted-models for more details). In a future release, the default value for `weights_only` will be flipped to `True`. This limits the functions that could be executed during unpickling. Arbitrary objects will no longer be allowed to be loaded via this mode unless they are explicitly allowlisted by the user via `torch.serialization.add_safe_globals`. We recommend you start setting `weights_only=True` for any use case where you don't have full control of the loaded file. Please open an issue on GitHub for any issues related to this experimental feature.
  features = torch.load(cached_features_file)
03/16/2026 13:29:21 - INFO - __main__ -   ***** Running evaluation  *****
03/16/2026 13:29:21 - INFO - __main__ -     Num examples = 277
03/16/2026 13:29:21 - INFO - __main__ -     Batch size = 8
Evaluating: 100%|████████████████████████████████████████████████████████████████████████████████████████████████████████████████████████████████████████████████████████████████████| 35/35 [00:06<00:00,  5.26it/s]
03/16/2026 13:29:28 - INFO - __main__ -   ***** Eval results  *****
03/16/2026 13:29:28 - INFO - __main__ -     acc = 0.4584837545126354